This is pdfTeX, Version 3.1415926-2.5-1.40.14 (MiKTeX 2.9) (preloaded format=pdftex 2015.10.10)  14 APR 2016 09:46
entering extended mode
**C:/Users/Tavo/Documents/Escuela/Master/Master*Thesis/Thesis*Reports/Template*
progress*reports/MyBib.bib

("C:/Users/Tavo/Documents/Escuela/Master/Master Thesis/Thesis Reports/Template 
progress reports/MyBib.bib"
Overfull \hbox (71.4682pt too wide) in paragraph at lines 1--8
[]\tenrm @mastersthesisMonsieurs2015, au-thor = Mon-sieurs, F.H.A., file = :C$\
tensy n$\tenrm :/Users/Tavo/Documents/Escuela/Master/Master|

\hbox(7.5+2.5)x469.75499, glue set - 1.0
.\hbox(0.0+0.0)x20.0
.\tenrm @
.\tenrm m
.\tenrm a
.\tenrm s
.etc.


Overfull \hbox (124.83484pt too wide) in paragraph at lines 1--8
\tenrm The-sis/Papers and ref-er-ences/First group of ref-er-ences sent by Nath
an/Previous The-sis and base works/MasterThesis[]FrankMonsieurs[]19-|

\hbox(7.5+2.5)x469.75499, glue set - 1.0
.\tenrm T
.\tenrm h
.\tenrm e
.\discretionary
..\tenrm -
.\tenrm s
.etc.


Overfull \hbox (33.8292pt too wide) in paragraph at lines 9--16
[]\tenrm @mastersthesisKremers2013, au-thor = Kre-mers, N, file = :C$\tensy n$\
tenrm :/Users/Tavo/Documents/Escuela/Master/Master|

\hbox(7.5+2.5)x469.75499, glue set - 1.0
.\hbox(0.0+0.0)x20.0
.\tenrm @
.\tenrm m
.\tenrm a
.\tenrm s
.etc.


Overfull \hbox (93.06819pt too wide) in paragraph at lines 9--16
\tenrm The-sis/Papers and ref-er-ences/First group of ref-er-ences sent by Nath
an/Previous The-sis and base works/MSc[]NiekKremers.pdf:pdf,|

\hbox(7.5+2.5)x469.75499, glue set - 1.0
.\tenrm T
.\tenrm h
.\tenrm e
.\discretionary
..\tenrm -
.\tenrm s
.etc.

! Undefined control sequence.
l.32 howpublished = {\url
                         {https://sites.google.com/site/directionaldrillingc...

? 
! Emergency stop.
l.32 howpublished = {\url
                         {https://sites.google.com/site/directionaldrillingc...
End of file on the terminal!

!  ==> Fatal error occurred, no output PDF file produced!
